<?xml version="1.0" encoding="UTF-8"?>
<!-- Generated by org.testng.reporters.JUnitReportReporter -->
<testsuite skipped="1" hostname="DESKTOP-F9J2U30" name="crm.com.campaign.createcampaign" tests="2" failures="0" timestamp="6 Oct 2022 12:47:54 GMT" time="0.001" errors="1">
  <testcase name="createcampaigntest" time="0.001" classname="crm.com.campaign.createcampaign">
    <skipped/>
  </testcase> <!-- createcampaigntest -->
  <testcase name="BC" time="0.000" classname="crm.com.campaign.createcampaign">
    <error type="org.testng.TestNGException" message="
Parameter &#039;BROWSER&#039; is required by @Configuration on method BC but has not been marked @Optional or defined
in C:\Users\Tushar Ghodke\Downloads\eclipse-jee-neon-3-win32-x86_64\crm.com.seleniumframework\BatchExcecutiontestng.xml">
      <![CDATA[org.testng.TestNGException: 
Parameter 'BROWSER' is required by @Configuration on method BC but has not been marked @Optional or defined
in C:\Users\Tushar Ghodke\Downloads\eclipse-jee-neon-3-win32-x86_64\crm.com.seleniumframework\BatchExcecutiontestng.xml
	at org.testng.internal.Parameters.createParameters(Parameters.java:156)
	at org.testng.internal.Parameters.createParameters(Parameters.java:370)
	at org.testng.internal.Parameters.createConfigurationParameters(Parameters.java:86)
	at org.testng.internal.Invoker.invokeConfigurations(Invoker.java:202)
	at org.testng.internal.Invoker.invokeConfigurations(Invoker.java:143)
	at org.testng.internal.TestMethodWorker.invokeBeforeClassMethods(TestMethodWorker.java:169)
	at org.testng.internal.TestMethodWorker.run(TestMethodWorker.java:108)
	at org.testng.TestRunner.privateRun(TestRunner.java:753)
	at org.testng.TestRunner.run(TestRunner.java:607)
	at org.testng.SuiteRunner.runTest(SuiteRunner.java:368)
	at org.testng.SuiteRunner.runSequentially(SuiteRunner.java:363)
	at org.testng.SuiteRunner.privateRun(SuiteRunner.java:321)
	at org.testng.SuiteRunner.run(SuiteRunner.java:270)
	at org.testng.SuiteRunnerWorker.runSuite(SuiteRunnerWorker.java:52)
	at org.testng.SuiteRunnerWorker.run(SuiteRunnerWorker.java:86)
	at org.testng.TestNG.runSuitesSequentially(TestNG.java:1284)
	at org.testng.TestNG.runSuitesLocally(TestNG.java:1209)
	at org.testng.TestNG.runSuites(TestNG.java:1124)
	at org.testng.TestNG.run(TestNG.java:1096)
	at org.testng.remote.AbstractRemoteTestNG.run(AbstractRemoteTestNG.java:132)
	at org.testng.remote.RemoteTestNG.initAndRun(RemoteTestNG.java:236)
	at org.testng.remote.RemoteTestNG.main(RemoteTestNG.java:81)
]]>
    </error>
  </testcase> <!-- BC -->
</testsuite> <!-- crm.com.campaign.createcampaign -->
